<?xml version="1.0" encoding="UTF-8"?>
<testsuite xmlns:xsi="http://www.w3.org/2001/XMLSchema-instance" xsi:noNamespaceSchemaLocation="https://maven.apache.org/surefire/maven-surefire-plugin/xsd/surefire-test-report.xsd" name="com.dulcedomum.dominio.familia.pessoa.PessoaTest" time="0.14" tests="4" errors="0" skipped="0" failures="0">
  <properties>
[...]
</properties>
  <testcase name="deveTerUmId" classname="com.dulcedomum.dominio.familia.pessoa.PessoaTest" time="0.134"/>
  <testcase name="deveTerUmNome" classname="com.dulcedomum.dominio.familia.pessoa.PessoaTest" time="0"/>
  <testcase name="deveTerUmTipo" classname="com.dulcedomum.dominio.familia.pessoa.PessoaTest" time="0.003"/>
  <testcase name="deveTerUmaDataDeNascimento" classname="com.dulcedomum.dominio.familia.pessoa.PessoaTest" time="0"/>
</testsuite>